# JRE version: Java(TM) SE Runtime Environment (17.0.8+9) (build 17.0.8+9-LTS-211)
# Java VM: Java HotSpot(TM) 64-Bit Server VM (17.0.8+9-LTS-211, mixed mode, sharing, tiered, compressed oops, compressed class ptrs, g1 gc, windows-amd64)
GC Precious Log:
 CPUs: 8 total, 8 available
 Memory: 7845M
 Large Page Support: Disabled
 NUMA Support: Disabled
 Compressed Oops: Enabled (32-bit)
 Heap Region Size: 1M
 Heap Min Capacity: 8M
 Heap Initial Capacity: 124M
 Heap Max Capacity: 1962M
 Pre-touch: Disabled
 Parallel Workers: 8
 Concurrent Workers: 2
 Concurrent Refinement Workers: 8
 Periodic GC: Disabled
Heap:
 garbage-first heap   total 86016K, used 31557K [0x0000000085600000, 0x0000000100000000)
  region size 1024K, 7 young (7168K), 4 survivors (4096K)
 Metaspace       used 60483K, committed 60992K, reserved 1114112K
  class space    used 8338K, committed 8576K, reserved 1048576K
GC Heap History (20 events):
Event: 2.555 GC heap before
{Heap before GC invocations=2 (full 0):
 garbage-first heap   total 126976K, used 60664K [0x0000000085600000, 0x0000000100000000)
  region size 1024K, 49 young (50176K), 2 survivors (2048K)
 Metaspace       used 20416K, committed 20864K, reserved 1114112K
  class space    used 2880K, committed 3072K, reserved 1048576K
}
Event: 2.560 GC heap after
{Heap after GC invocations=3 (full 0):
 garbage-first heap   total 126976K, used 15790K [0x0000000085600000, 0x0000000100000000)
  region size 1024K, 5 young (5120K), 5 survivors (5120K)
 Metaspace       used 20416K, committed 20864K, reserved 1114112K
  class space    used 2880K, committed 3072K, reserved 1048576K
}
Event: 2.629 GC heap before
{Heap before GC invocations=3 (full 0):
 garbage-first heap   total 126976K, used 19886K [0x0000000085600000, 0x0000000100000000)
  region size 1024K, 10 young (10240K), 5 survivors (5120K)
 Metaspace       used 21170K, committed 21504K, reserved 1114112K
  class space    used 2964K, committed 3136K, reserved 1048576K
}
Event: 2.633 GC heap after
{Heap after GC invocations=4 (full 0):
 garbage-first heap   total 126976K, used 16321K [0x0000000085600000, 0x0000000100000000)
  region size 1024K, 4 young (4096K), 4 survivors (4096K)
 Metaspace       used 21170K, committed 21504K, reserved 1114112K
  class space    used 2964K, committed 3136K, reserved 1048576K
}
Event: 3.059 GC heap before
{Heap before GC invocations=5 (full 0):
 garbage-first heap   total 58368K, used 44993K [0x0000000085600000, 0x0000000100000000)
  region size 1024K, 33 young (33792K), 4 survivors (4096K)
 Metaspace       used 26172K, committed 26560K, reserved 1114112K
  class space    used 3553K, committed 3712K, reserved 1048576K
}
Event: 3.064 GC heap after
{Heap after GC invocations=6 (full 0):
 garbage-first heap   total 58368K, used 18286K [0x0000000085600000, 0x0000000100000000)
  region size 1024K, 3 young (3072K), 3 survivors (3072K)
 Metaspace       used 26172K, committed 26560K, reserved 1114112K
  class space    used 3553K, committed 3712K, reserved 1048576K
}
Event: 3.085 GC heap before
{Heap before GC invocations=6 (full 0):
 garbage-first heap   total 58368K, used 19310K [0x0000000085600000, 0x0000000100000000)
  region size 1024K, 4 young (4096K), 3 survivors (3072K)
 Metaspace       used 26455K, committed 26880K, reserved 1114112K
  class space    used 3585K, committed 3776K, reserved 1048576K
}
Event: 3.089 GC heap after
{Heap after GC invocations=7 (full 0):
 garbage-first heap   total 58368K, used 18744K [0x0000000085600000, 0x0000000100000000)
  region size 1024K, 1 young (1024K), 1 survivors (1024K)
 Metaspace       used 26455K, committed 26880K, reserved 1114112K
  class space    used 3585K, committed 3776K, reserved 1048576K
}
Event: 3.598 GC heap before
{Heap before GC invocations=7 (full 0):
 garbage-first heap   total 58368K, used 40248K [0x0000000085600000, 0x0000000100000000)
  region size 1024K, 22 young (22528K), 1 survivors (1024K)
 Metaspace       used 29531K, committed 29952K, reserved 1114112K
  class space    used 3972K, committed 4160K, reserved 1048576K
}
Event: 3.602 GC heap after
{Heap after GC invocations=8 (full 0):
 garbage-first heap   total 58368K, used 20381K [0x0000000085600000, 0x0000000100000000)
  region size 1024K, 3 young (3072K), 3 survivors (3072K)
 Metaspace       used 29531K, committed 29952K, reserved 1114112K
  class space    used 3972K, committed 4160K, reserved 1048576K
}
Event: 4.304 GC heap before
{Heap before GC invocations=8 (full 0):
 garbage-first heap   total 58368K, used 41885K [0x0000000085600000, 0x0000000100000000)
  region size 1024K, 24 young (24576K), 3 survivors (3072K)
 Metaspace       used 33720K, committed 34112K, reserved 1114112K
  class space    used 4566K, committed 4736K, reserved 1048576K
}
Event: 4.313 GC heap after
{Heap after GC invocations=9 (full 0):
 garbage-first heap   total 58368K, used 22846K [0x0000000085600000, 0x0000000100000000)
  region size 1024K, 3 young (3072K), 3 survivors (3072K)
 Metaspace       used 33720K, committed 34112K, reserved 1114112K
  class space    used 4566K, committed 4736K, reserved 1048576K
}
Event: 4.566 GC heap before
{Heap before GC invocations=9 (full 0):
 garbage-first heap   total 58368K, used 31038K [0x0000000085600000, 0x0000000100000000)
  region size 1024K, 12 young (12288K), 3 survivors (3072K)
 Metaspace       used 35806K, committed 36160K, reserved 1114112K
  class space    used 4756K, committed 4928K, reserved 1048576K
}
Event: 4.572 GC heap after
{Heap after GC invocations=10 (full 0):
 garbage-first heap   total 92160K, used 23518K [0x0000000085600000, 0x0000000100000000)
  region size 1024K, 1 young (1024K), 1 survivors (1024K)
 Metaspace       used 35806K, committed 36160K, reserved 1114112K
  class space    used 4756K, committed 4928K, reserved 1048576K
}
Event: 5.929 GC heap before
{Heap before GC invocations=11 (full 0):
 garbage-first heap   total 86016K, used 67550K [0x0000000085600000, 0x0000000100000000)
  region size 1024K, 44 young (45056K), 1 survivors (1024K)
 Metaspace       used 44136K, committed 44608K, reserved 1114112K
  class space    used 6240K, committed 6464K, reserved 1048576K
}
Event: 5.936 GC heap after
{Heap after GC invocations=12 (full 0):
 garbage-first heap   total 86016K, used 25673K [0x0000000085600000, 0x0000000100000000)
  region size 1024K, 3 young (3072K), 3 survivors (3072K)
 Metaspace       used 44136K, committed 44608K, reserved 1114112K
  class space    used 6240K, committed 6464K, reserved 1048576K
}
Event: 7.482 GC heap before
{Heap before GC invocations=12 (full 0):
 garbage-first heap   total 86016K, used 64585K [0x0000000085600000, 0x0000000100000000)
  region size 1024K, 41 young (41984K), 3 survivors (3072K)
 Metaspace       used 55290K, committed 55744K, reserved 1114112K
  class space    used 7681K, committed 7872K, reserved 1048576K
}
Event: 7.491 GC heap after
{Heap after GC invocations=13 (full 0):
 garbage-first heap   total 86016K, used 27992K [0x0000000085600000, 0x0000000100000000)
  region size 1024K, 6 young (6144K), 6 survivors (6144K)
 Metaspace       used 55290K, committed 55744K, reserved 1114112K
  class space    used 7681K, committed 7872K, reserved 1048576K
}
Event: 8.094 GC heap before
{Heap before GC invocations=13 (full 0):
 garbage-first heap   total 86016K, used 51544K [0x0000000085600000, 0x0000000100000000)
  region size 1024K, 31 young (31744K), 6 survivors (6144K)
 Metaspace       used 59960K, committed 60416K, reserved 1114112K
  class space    used 8288K, committed 8512K, reserved 1048576K
}
Event: 8.104 GC heap after
{Heap after GC invocations=14 (full 0):
 garbage-first heap   total 86016K, used 29509K [0x0000000085600000, 0x0000000100000000)
  region size 1024K, 4 young (4096K), 4 survivors (4096K)
 Metaspace       used 59960K, committed 60416K, reserved 1114112K
  class space    used 8288K, committed 8512K, reserved 1048576K
}

