# JRE version: Java(TM) SE Runtime Environment (17.0.8+9) (build 17.0.8+9-LTS-211)
# Java VM: Java HotSpot(TM) 64-Bit Server VM (17.0.8+9-LTS-211, mixed mode, sharing, tiered, compressed oops, compressed class ptrs, g1 gc, windows-amd64)
GC Precious Log:
 CPUs: 8 total, 8 available
 Memory: 7845M
 Large Page Support: Disabled
 NUMA Support: Disabled
 Compressed Oops: Enabled (32-bit)
 Heap Region Size: 1M
 Heap Min Capacity: 8M
 Heap Initial Capacity: 124M
 Heap Max Capacity: 1962M
 Pre-touch: Disabled
 Parallel Workers: 8
 Concurrent Workers: 2
 Concurrent Refinement Workers: 8
 Periodic GC: Disabled
Heap:
 garbage-first heap   total 253952K, used 107470K [0x0000000085600000, 0x0000000100000000)
  region size 1024K, 46 young (47104K), 2 survivors (2048K)
 Metaspace       used 31397K, committed 31808K, reserved 1114112K
  class space    used 3599K, committed 3776K, reserved 1048576K
GC Heap History (20 events):
Event: 4.852 GC heap before
{Heap before GC invocations=3 (full 0):
 garbage-first heap   total 126976K, used 78568K [0x0000000085600000, 0x0000000100000000)
  region size 1024K, 74 young (75776K), 8 survivors (8192K)
 Metaspace       used 15903K, committed 16128K, reserved 1114112K
  class space    used 1846K, committed 1920K, reserved 1048576K
}
Event: 4.865 GC heap after
{Heap after GC invocations=4 (full 0):
 garbage-first heap   total 126976K, used 15911K [0x0000000085600000, 0x0000000100000000)
  region size 1024K, 5 young (5120K), 5 survivors (5120K)
 Metaspace       used 15903K, committed 16128K, reserved 1114112K
  class space    used 1846K, committed 1920K, reserved 1048576K
}
Event: 6.260 GC heap before
{Heap before GC invocations=4 (full 0):
 garbage-first heap   total 126976K, used 70183K [0x0000000085600000, 0x0000000100000000)
  region size 1024K, 55 young (56320K), 5 survivors (5120K)
 Metaspace       used 21152K, committed 21504K, reserved 1114112K
  class space    used 2492K, committed 2688K, reserved 1048576K
}
Event: 6.270 GC heap after
{Heap after GC invocations=5 (full 0):
 garbage-first heap   total 126976K, used 24103K [0x0000000085600000, 0x0000000100000000)
  region size 1024K, 9 young (9216K), 9 survivors (9216K)
 Metaspace       used 21152K, committed 21504K, reserved 1114112K
  class space    used 2492K, committed 2688K, reserved 1048576K
}
Event: 6.892 GC heap before
{Heap before GC invocations=6 (full 0):
 garbage-first heap   total 86016K, used 69159K [0x0000000085600000, 0x0000000100000000)
  region size 1024K, 50 young (51200K), 9 survivors (9216K)
 Metaspace       used 25442K, committed 25792K, reserved 1114112K
  class space    used 2958K, committed 3136K, reserved 1048576K
}
Event: 6.919 GC heap after
{Heap after GC invocations=7 (full 0):
 garbage-first heap   total 96256K, used 42524K [0x0000000085600000, 0x0000000100000000)
  region size 1024K, 7 young (7168K), 7 survivors (7168K)
 Metaspace       used 25442K, committed 25792K, reserved 1114112K
  class space    used 2958K, committed 3136K, reserved 1048576K
}
Event: 6.927 GC heap before
{Heap before GC invocations=7 (full 0):
 garbage-first heap   total 96256K, used 43548K [0x0000000085600000, 0x0000000100000000)
  region size 1024K, 8 young (8192K), 7 survivors (7168K)
 Metaspace       used 25445K, committed 25792K, reserved 1114112K
  class space    used 2958K, committed 3136K, reserved 1048576K
}
Event: 6.934 GC heap after
{Heap after GC invocations=8 (full 0):
 garbage-first heap   total 115712K, used 44032K [0x0000000085600000, 0x0000000100000000)
  region size 1024K, 1 young (1024K), 1 survivors (1024K)
 Metaspace       used 25445K, committed 25792K, reserved 1114112K
  class space    used 2958K, committed 3136K, reserved 1048576K
}
Event: 7.845 GC heap before
{Heap before GC invocations=8 (full 0):
 garbage-first heap   total 115712K, used 80896K [0x0000000085600000, 0x0000000100000000)
  region size 1024K, 37 young (37888K), 1 survivors (1024K)
 Metaspace       used 28059K, committed 28416K, reserved 1114112K
  class space    used 3256K, committed 3392K, reserved 1048576K
}
Event: 7.859 GC heap after
{Heap after GC invocations=9 (full 0):
 garbage-first heap   total 115712K, used 48640K [0x0000000085600000, 0x0000000100000000)
  region size 1024K, 5 young (5120K), 5 survivors (5120K)
 Metaspace       used 28059K, committed 28416K, reserved 1114112K
  class space    used 3256K, committed 3392K, reserved 1048576K
}
Event: 8.274 GC heap before
{Heap before GC invocations=9 (full 0):
 garbage-first heap   total 115712K, used 88576K [0x0000000085600000, 0x0000000100000000)
  region size 1024K, 38 young (38912K), 5 survivors (5120K)
 Metaspace       used 28151K, committed 28544K, reserved 1114112K
  class space    used 3259K, committed 3456K, reserved 1048576K
}
Event: 8.293 GC heap after
{Heap after GC invocations=10 (full 0):
 garbage-first heap   total 115712K, used 69120K [0x0000000085600000, 0x0000000100000000)
  region size 1024K, 5 young (5120K), 5 survivors (5120K)
 Metaspace       used 28151K, committed 28544K, reserved 1114112K
  class space    used 3259K, committed 3456K, reserved 1048576K
}
Event: 8.343 GC heap before
{Heap before GC invocations=10 (full 0):
 garbage-first heap   total 115712K, used 72192K [0x0000000085600000, 0x0000000100000000)
  region size 1024K, 9 young (9216K), 5 survivors (5120K)
 Metaspace       used 28159K, committed 28608K, reserved 1114112K
  class space    used 3259K, committed 3456K, reserved 1048576K
}
Event: 8.348 GC heap after
{Heap after GC invocations=11 (full 0):
 garbage-first heap   total 115712K, used 71072K [0x0000000085600000, 0x0000000100000000)
  region size 1024K, 2 young (2048K), 2 survivors (2048K)
 Metaspace       used 28159K, committed 28608K, reserved 1114112K
  class space    used 3259K, committed 3456K, reserved 1048576K
}
Event: 8.495 GC heap before
{Heap before GC invocations=12 (full 0):
 garbage-first heap   total 122880K, used 85408K [0x0000000085600000, 0x0000000100000000)
  region size 1024K, 18 young (18432K), 2 survivors (2048K)
 Metaspace       used 28172K, committed 28608K, reserved 1114112K
  class space    used 3259K, committed 3456K, reserved 1048576K
}
Event: 8.501 GC heap after
{Heap after GC invocations=13 (full 0):
 garbage-first heap   total 122880K, used 75776K [0x0000000085600000, 0x0000000100000000)
  region size 1024K, 3 young (3072K), 3 survivors (3072K)
 Metaspace       used 28172K, committed 28608K, reserved 1114112K
  class space    used 3259K, committed 3456K, reserved 1048576K
}
Event: 8.520 GC heap before
{Heap before GC invocations=13 (full 0):
 garbage-first heap   total 122880K, used 78848K [0x0000000085600000, 0x0000000100000000)
  region size 1024K, 6 young (6144K), 3 survivors (3072K)
 Metaspace       used 28172K, committed 28608K, reserved 1114112K
  class space    used 3259K, committed 3456K, reserved 1048576K
}
Event: 8.526 GC heap after
{Heap after GC invocations=14 (full 0):
 garbage-first heap   total 253952K, used 64261K [0x0000000085600000, 0x0000000100000000)
  region size 1024K, 1 young (1024K), 1 survivors (1024K)
 Metaspace       used 28172K, committed 28608K, reserved 1114112K
  class space    used 3259K, committed 3456K, reserved 1048576K
}
Event: 8.631 GC heap before
{Heap before GC invocations=14 (full 0):
 garbage-first heap   total 253952K, used 75525K [0x0000000085600000, 0x0000000100000000)
  region size 1024K, 12 young (12288K), 1 survivors (1024K)
 Metaspace       used 28188K, committed 28608K, reserved 1114112K
  class space    used 3259K, committed 3456K, reserved 1048576K
}
Event: 8.636 GC heap after
{Heap after GC invocations=15 (full 0):
 garbage-first heap   total 253952K, used 63438K [0x0000000085600000, 0x0000000100000000)
  region size 1024K, 2 young (2048K), 2 survivors (2048K)
 Metaspace       used 28188K, committed 28608K, reserved 1114112K
  class space    used 3259K, committed 3456K, reserved 1048576K
}

